TN:
SF:src\controllers\analyze.controller.js
FN:4,(anonymous_0)
FNF:1
FNH:1
FNDA:11,(anonymous_0)
DA:1,2
DA:2,2
DA:4,2
DA:5,11
DA:6,11
DA:7,11
DA:9,11
DA:10,1
DA:16,10
DA:17,1
DA:24,9
DA:25,9
DA:26,1
DA:32,8
DA:35,8
DA:36,8
DA:38,1
DA:46,7
DA:47,3
DA:48,1
DA:54,2
DA:57,2
DA:60,2
DA:63,2
DA:64,1
DA:67,2
DA:76,4
DA:78,4
DA:79,2
DA:85,2
DA:92,2
LF:31
LH:31
BRDA:9,0,0,1
BRDA:9,0,1,10
BRDA:16,1,0,1
BRDA:16,1,1,9
BRDA:25,2,0,1
BRDA:25,2,1,8
BRDA:47,3,0,1
BRDA:47,3,1,2
BRDA:63,4,0,1
BRDA:63,4,1,1
BRDA:72,5,0,1
BRDA:72,5,1,1
BRDA:78,6,0,2
BRDA:78,6,1,2
BRDA:79,7,0,2
BRDA:79,7,1,0
BRDA:81,8,0,2
BRDA:81,8,1,2
BRDA:81,8,2,0
BRDA:87,9,0,2
BRDA:87,9,1,0
BRF:21
BRH:18
end_of_record
TN:
SF:src\routes\analyze.route.js
FN:6,(anonymous_0)
FNF:1
FNH:1
FNDA:1,(anonymous_0)
DA:1,1
DA:2,1
DA:3,1
DA:6,1
DA:7,1
DA:14,1
DA:16,1
LF:7
LH:7
BRF:0
BRH:0
end_of_record
TN:
SF:src\services\contract.service.js
FN:5,(anonymous_0)
FN:10,(anonymous_1)
FN:17,(anonymous_2)
FN:22,(anonymous_3)
FN:30,(anonymous_4)
FN:38,(anonymous_5)
FN:67,(anonymous_6)
FN:90,(anonymous_7)
FNF:8
FNH:8
FNDA:17,(anonymous_0)
FNDA:2,(anonymous_1)
FNDA:1,(anonymous_2)
FNDA:1,(anonymous_3)
FNDA:1,(anonymous_4)
FNDA:3,(anonymous_5)
FNDA:4,(anonymous_6)
FNDA:4,(anonymous_7)
DA:1,2
DA:2,2
DA:6,17
DA:7,17
DA:11,2
DA:14,1
DA:18,1
DA:19,1
DA:23,1
DA:31,1
DA:39,3
DA:41,3
DA:42,3
DA:45,3
DA:46,3
DA:47,2
DA:51,1
DA:52,1
DA:55,1
DA:58,1
DA:60,1
DA:62,2
DA:63,2
DA:68,4
DA:69,4
DA:70,4
DA:73,4
DA:78,4
DA:79,1
DA:83,4
DA:91,4
DA:92,2
DA:101,2
LF:33
LH:33
BRDA:46,0,0,2
BRDA:46,0,1,1
BRDA:46,1,0,3
BRDA:46,1,1,2
BRDA:73,2,0,1
BRDA:73,2,1,3
BRDA:78,3,0,1
BRDA:78,3,1,3
BRDA:84,4,0,4
BRDA:84,4,1,1
BRDA:85,5,0,4
BRDA:85,5,1,1
BRDA:86,6,0,4
BRDA:86,6,1,1
BRDA:87,7,0,4
BRDA:87,7,1,1
BRDA:91,8,0,2
BRDA:91,8,1,2
BRDA:91,9,0,4
BRDA:91,9,1,3
BRF:20
BRH:20
end_of_record
